<?xml version="1.0" encoding="UTF-8"?>
<!-- Generated by org.testng.reporters.JUnitReportReporter -->
<testsuite hostname="DESKTOP-237KU16" failures="0" tests="1" name="automationFramework.TestNG" time="0.203" errors="0" timestamp="2021-12-30T13:00:41 IST" skipped="0">
  <testcase classname="automationFramework.TestNG" name="verifyHomepageTitle" time="0.203"/>
  <system-out/>
</testsuite> <!-- automationFramework.TestNG -->
