<?xml version="1.0" encoding="UTF-8"?>
<!-- Generated by org.testng.reporters.JUnitReportReporter -->
<testsuite hostname="DESKTOP-237KU16" failures="0" tests="1" name="automationFramework.WH2" time="41.864" errors="0" timestamp="2021-12-31T15:59:43 IST" skipped="0">
  <testcase classname="automationFramework.WH2" name="f" time="41.864"/>
  <system-out/>
</testsuite> <!-- automationFramework.WH2 -->
